Build started 11/16/2021 2:53:26 PM.
     1>Project "E:\IITG\Courses\1st sem\Speech Processing\Projects\Yugi\Yugi\Yugi.vcxproj" on node 2 (build target(s)).
     1>InitializeBuildStatus:
         Touching "Debug\Yugi.unsuccessfulbuild".
       GenerateTargetFrameworkMonikerAttribute:
       Skipping target "GenerateTargetFrameworkMonikerAttribute" because all output files are up-to-date with respect to the input files.
       ClCompile:
         All outputs are up-to-date.
         All outputs are up-to-date.
         All outputs are up-to-date.
       CoreResGen:
         No resources are out of date with respect to their source files. Skipping resource generation.
       ResourceCompile:
         All outputs are up-to-date.
       Link:
         All outputs are up-to-date.
         Yugi.vcxproj -> E:\IITG\Courses\1st sem\Speech Processing\Projects\Yugi\Debug\Yugi.exe
       MetaGen:
       Skipping target "MetaGen" because all output files are up-to-date with respect to the input files.
       FinalizeBuildStatus:
         Deleting file "Debug\Yugi.unsuccessfulbuild".
         Touching "Debug\Yugi.lastbuildstate".
     1>Done Building Project "E:\IITG\Courses\1st sem\Speech Processing\Projects\Yugi\Yugi\Yugi.vcxproj" (build target(s)).

Build succeeded.

Time Elapsed 00:00:01.30
