C:\USERS\ROHAN\DOCUMENTS\VISUAL STUDIO 2010\PROJECTS\YUGI\DEBUG\YUGI.EXE
C:\USERS\ROHAN\DOCUMENTS\VISUAL STUDIO 2010\PROJECTS\YUGI\DEBUG\YUGI.ILK
C:\USERS\ROHAN\DOCUMENTS\VISUAL STUDIO 2010\PROJECTS\YUGI\DEBUG\YUGI.PDB
C:\USERS\ROHAN\DOCUMENTS\VISUAL STUDIO 2010\PROJECTS\YUGI\YUGI\DEBUG\.NETFRAMEWORK,VERSION=V4.0.ASSEMBLYATTRIBUTES.OBJ
C:\USERS\ROHAN\DOCUMENTS\VISUAL STUDIO 2010\PROJECTS\YUGI\YUGI\DEBUG\ABOUT.OBJ
C:\USERS\ROHAN\DOCUMENTS\VISUAL STUDIO 2010\PROJECTS\YUGI\YUGI\DEBUG\APP.RES
C:\USERS\ROHAN\DOCUMENTS\VISUAL STUDIO 2010\PROJECTS\YUGI\YUGI\DEBUG\ASSEMBLYINFO.OBJ
C:\Users\Rohan\Documents\Visual Studio 2010\Projects\Yugi\Yugi\Debug\cl.command.1.tlog
C:\Users\Rohan\Documents\Visual Studio 2010\Projects\Yugi\Yugi\Debug\CL.read.1.tlog
C:\Users\Rohan\Documents\Visual Studio 2010\Projects\Yugi\Yugi\Debug\CL.write.1.tlog
C:\Users\Rohan\Documents\Visual Studio 2010\Projects\Yugi\Yugi\Debug\link.11120.read.1.tlog
C:\Users\Rohan\Documents\Visual Studio 2010\Projects\Yugi\Yugi\Debug\link.11120.write.1.tlog
C:\Users\Rohan\Documents\Visual Studio 2010\Projects\Yugi\Yugi\Debug\link.11120-cvtres.read.1.tlog
C:\Users\Rohan\Documents\Visual Studio 2010\Projects\Yugi\Yugi\Debug\link.11120-cvtres.write.1.tlog
C:\Users\Rohan\Documents\Visual Studio 2010\Projects\Yugi\Yugi\Debug\link.11996.read.1.tlog
C:\Users\Rohan\Documents\Visual Studio 2010\Projects\Yugi\Yugi\Debug\link.11996.write.1.tlog
C:\Users\Rohan\Documents\Visual Studio 2010\Projects\Yugi\Yugi\Debug\link.11996-cvtres.read.1.tlog
C:\Users\Rohan\Documents\Visual Studio 2010\Projects\Yugi\Yugi\Debug\link.11996-cvtres.write.1.tlog
C:\Users\Rohan\Documents\Visual Studio 2010\Projects\Yugi\Yugi\Debug\link.12660.read.1.tlog
C:\Users\Rohan\Documents\Visual Studio 2010\Projects\Yugi\Yugi\Debug\link.12660.write.1.tlog
C:\Users\Rohan\Documents\Visual Studio 2010\Projects\Yugi\Yugi\Debug\link.12660-cvtres.read.1.tlog
C:\Users\Rohan\Documents\Visual Studio 2010\Projects\Yugi\Yugi\Debug\link.12660-cvtres.write.1.tlog
C:\Users\Rohan\Documents\Visual Studio 2010\Projects\Yugi\Yugi\Debug\link.14380.read.1.tlog
C:\Users\Rohan\Documents\Visual Studio 2010\Projects\Yugi\Yugi\Debug\link.14380.write.1.tlog
C:\Users\Rohan\Documents\Visual Studio 2010\Projects\Yugi\Yugi\Debug\link.14380-cvtres.read.1.tlog
C:\Users\Rohan\Documents\Visual Studio 2010\Projects\Yugi\Yugi\Debug\link.14380-cvtres.write.1.tlog
C:\Users\Rohan\Documents\Visual Studio 2010\Projects\Yugi\Yugi\Debug\link.19848.read.1.tlog
C:\Users\Rohan\Documents\Visual Studio 2010\Projects\Yugi\Yugi\Debug\link.19848.write.1.tlog
C:\Users\Rohan\Documents\Visual Studio 2010\Projects\Yugi\Yugi\Debug\link.19848-cvtres.read.1.tlog
C:\Users\Rohan\Documents\Visual Studio 2010\Projects\Yugi\Yugi\Debug\link.19848-cvtres.write.1.tlog
C:\Users\Rohan\Documents\Visual Studio 2010\Projects\Yugi\Yugi\Debug\link.25568.read.1.tlog
C:\Users\Rohan\Documents\Visual Studio 2010\Projects\Yugi\Yugi\Debug\link.25568.write.1.tlog
C:\Users\Rohan\Documents\Visual Studio 2010\Projects\Yugi\Yugi\Debug\link.25568-cvtres.read.1.tlog
C:\Users\Rohan\Documents\Visual Studio 2010\Projects\Yugi\Yugi\Debug\link.25568-cvtres.write.1.tlog
C:\Users\Rohan\Documents\Visual Studio 2010\Projects\Yugi\Yugi\Debug\link.25736.read.1.tlog
C:\Users\Rohan\Documents\Visual Studio 2010\Projects\Yugi\Yugi\Debug\link.25736.write.1.tlog
C:\Users\Rohan\Documents\Visual Studio 2010\Projects\Yugi\Yugi\Debug\link.25736-cvtres.read.1.tlog
C:\Users\Rohan\Documents\Visual Studio 2010\Projects\Yugi\Yugi\Debug\link.25736-cvtres.write.1.tlog
C:\Users\Rohan\Documents\Visual Studio 2010\Projects\Yugi\Yugi\Debug\link.6420.read.1.tlog
C:\Users\Rohan\Documents\Visual Studio 2010\Projects\Yugi\Yugi\Debug\link.6420.write.1.tlog
C:\Users\Rohan\Documents\Visual Studio 2010\Projects\Yugi\Yugi\Debug\link.6420-cvtres.read.1.tlog
C:\Users\Rohan\Documents\Visual Studio 2010\Projects\Yugi\Yugi\Debug\link.6420-cvtres.write.1.tlog
C:\Users\Rohan\Documents\Visual Studio 2010\Projects\Yugi\Yugi\Debug\link.8876.read.1.tlog
C:\Users\Rohan\Documents\Visual Studio 2010\Projects\Yugi\Yugi\Debug\link.8876.write.1.tlog
C:\Users\Rohan\Documents\Visual Studio 2010\Projects\Yugi\Yugi\Debug\link.8876-cvtres.read.1.tlog
C:\Users\Rohan\Documents\Visual Studio 2010\Projects\Yugi\Yugi\Debug\link.8876-cvtres.write.1.tlog
C:\Users\Rohan\Documents\Visual Studio 2010\Projects\Yugi\Yugi\Debug\link.command.1.tlog
C:\Users\Rohan\Documents\Visual Studio 2010\Projects\Yugi\Yugi\Debug\link.read.1.tlog
C:\Users\Rohan\Documents\Visual Studio 2010\Projects\Yugi\Yugi\Debug\link.write.1.tlog
C:\USERS\ROHAN\DOCUMENTS\VISUAL STUDIO 2010\PROJECTS\YUGI\YUGI\DEBUG\LIVETRAIN.OBJ
C:\Users\Rohan\Documents\Visual Studio 2010\Projects\Yugi\Yugi\Debug\mt.command.1.tlog
C:\Users\Rohan\Documents\Visual Studio 2010\Projects\Yugi\Yugi\Debug\mt.read.1.tlog
C:\Users\Rohan\Documents\Visual Studio 2010\Projects\Yugi\Yugi\Debug\mt.write.1.tlog
C:\Users\Rohan\Documents\Visual Studio 2010\Projects\Yugi\Yugi\Debug\rc.command.1.tlog
C:\Users\Rohan\Documents\Visual Studio 2010\Projects\Yugi\Yugi\Debug\rc.read.1.tlog
C:\Users\Rohan\Documents\Visual Studio 2010\Projects\Yugi\Yugi\Debug\rc.write.1.tlog
C:\USERS\ROHAN\DOCUMENTS\VISUAL STUDIO 2010\PROJECTS\YUGI\YUGI\DEBUG\STDAFX.OBJ
C:\USERS\ROHAN\DOCUMENTS\VISUAL STUDIO 2010\PROJECTS\YUGI\YUGI\DEBUG\VC100.PDB
C:\Users\Rohan\Documents\Visual Studio 2010\Projects\Yugi\Yugi\Debug\Yugi.About.resources
C:\USERS\ROHAN\DOCUMENTS\VISUAL STUDIO 2010\PROJECTS\YUGI\YUGI\DEBUG\YUGI.EXE.INTERMEDIATE.MANIFEST
C:\Users\Rohan\Documents\Visual Studio 2010\Projects\Yugi\Yugi\Debug\Yugi.Form1.resources
C:\Users\Rohan\Documents\Visual Studio 2010\Projects\Yugi\Yugi\Debug\Yugi.LiveTrain.resources
C:\USERS\ROHAN\DOCUMENTS\VISUAL STUDIO 2010\PROJECTS\YUGI\YUGI\DEBUG\YUGI.OBJ
C:\USERS\ROHAN\DOCUMENTS\VISUAL STUDIO 2010\PROJECTS\YUGI\YUGI\DEBUG\YUGI.PCH
C:\Users\Rohan\Documents\Visual Studio 2010\Projects\Yugi\Yugi\Debug\Yugi.vcxproj.GenerateResource.Cache
C:\Users\Rohan\Documents\Visual Studio 2010\Projects\Yugi\Yugi\Debug\Yugi.vcxprojResolveAssemblyReference.cache
C:\Users\Rohan\Documents\Visual Studio 2010\Projects\Yugi\Yugi\Debug\Yugi.write.1.tlog
